<?xml version="1.0" encoding="UTF-8"?>
<testsuite name="fr.info.user_interface.UserInterfaceApplicationTests" tests="1" skipped="0" failures="0" errors="0" timestamp="2026-05-22T12:21:44.679Z" hostname="r30014" time="1.214">
  <properties/>
  <testcase name="contextLoads()" classname="fr.info.user_interface.UserInterfaceApplicationTests" time="0.366"/>
  <system-out><![CDATA[14:21:44.759 [Test worker] INFO org.springframework.test.context.support.AnnotationConfigContextLoaderUtils -- Could not detect default configuration classes for test class [fr.info.user_interface.UserInterfaceApplicationTests]: UserInterfaceApplicationTests does not declare any static, non-private, non-final, nested classes annotated with @Configuration.
14:21:44.824 [Test worker] INFO org.springframework.boot.test.context.SpringBootTestContextBootstrapper -- Found @SpringBootConfiguration fr.info.user_interface.UserInterfaceApplication for test class fr.info.user_interface.UserInterfaceApplicationTests
14:21:44.858 [Test worker] INFO org.springframework.test.context.support.AnnotationConfigContextLoaderUtils -- Could not detect default configuration classes for test class [fr.info.user_interface.UserInterfaceApplicationTests]: UserInterfaceApplicationTests does not declare any static, non-private, non-final, nested classes annotated with @Configuration.
14:21:44.859 [Test worker] INFO org.springframework.boot.test.context.SpringBootTestContextBootstrapper -- Found @SpringBootConfiguration fr.info.user_interface.UserInterfaceApplication for test class fr.info.user_interface.UserInterfaceApplicationTests

  .   ____          _            __ _ _
 /\\ / ___'_ __ _ _(_)_ __  __ _ \ \ \ \
( ( )\___ | '_ | '_| | '_ \/ _` | \ \ \ \
 \\/  ___)| |_)| | | | | || (_| |  ) ) ) )
  '  |____| .__|_| |_|_| |_\__, | / / / /
 =========|_|==============|___/=/_/_/_/

 :: Spring Boot ::                (v4.0.5)

2026-05-22T14:21:45.005+02:00  WARN 21085 --- [user_interface] [    Test worker] ory$DuplicateJsonObjectContextCustomizer : 

Found multiple occurrences of org.json.JSONObject on the class path:

	jar:file:/home/student/905/12403275/.gradle/caches/modules-2/files-2.1/org.json/json/20210307/528c8df3757e8bcf151817b1d7b9b434f6aa08d5/json-20210307.jar!/org/json/JSONObject.class
	jar:file:/home/student/905/12403275/.gradle/caches/modules-2/files-2.1/com.vaadin.external.google/android-json/0.0.20131108.vaadin1/fa26d351fe62a6a17f5cda1287c1c6110dec413f/android-json-0.0.20131108.vaadin1.jar!/org/json/JSONObject.class

You may wish to exclude one of them to ensure predictable runtime behavior

2026-05-22T14:21:45.011+02:00  INFO 21085 --- [user_interface] [    Test worker] f.i.u.UserInterfaceApplicationTests      : Starting UserInterfaceApplicationTests using Java 21.0.10 with PID 21085 (started by 12403275 in /home/student/905/12403275/Bureau/TP4/user_interface)
2026-05-22T14:21:45.011+02:00  INFO 21085 --- [user_interface] [    Test worker] f.i.u.UserInterfaceApplicationTests      : No active profile set, falling back to 1 default profile: "default"
2026-05-22T14:21:45.370+02:00  INFO 21085 --- [user_interface] [    Test worker] o.s.b.w.a.WelcomePageHandlerMapping      : Adding welcome page template: index
2026-05-22T14:21:45.521+02:00  INFO 21085 --- [user_interface] [    Test worker] f.i.u.UserInterfaceApplicationTests      : Started UserInterfaceApplicationTests in 0.632 seconds (process running for 1.219)
]]></system-out>
  <system-err><![CDATA[Mockito is currently self-attaching to enable the inline-mock-maker. This will no longer work in future releases of the JDK. Please add Mockito as an agent to your build as described in Mockito's documentation: https://javadoc.io/doc/org.mockito/mockito-core/latest/org.mockito/org/mockito/Mockito.html#0.3
WARNING: A Java agent has been loaded dynamically (/home/student/905/12403275/.gradle/caches/modules-2/files-2.1/net.bytebuddy/byte-buddy-agent/1.17.8/f09415827a71be7ed621c7bd02550678f28bc81c/byte-buddy-agent-1.17.8.jar)
WARNING: If a serviceability tool is in use, please run with -XX:+EnableDynamicAgentLoading to hide this warning
WARNING: If a serviceability tool is not in use, please run with -Djdk.instrument.traceUsage for more information
WARNING: Dynamic loading of agents will be disallowed by default in a future release
]]></system-err>
</testsuite>
